<?xml version="1.0" encoding="UTF-8"?>
<testng-results ignored="0" total="1" passed="1" failed="0" skipped="0">
  <reporter-output>
  </reporter-output>
  <suite started-at="2022-05-20T17:58:06 IST" name="Suite" finished-at="2022-05-20T18:01:01 IST" duration-ms="175041">
    <groups>
    </groups>
    <test started-at="2022-05-20T17:58:06 IST" name="Test" finished-at="2022-05-20T18:01:01 IST" duration-ms="175041">
      <class name="com.salesforce.testcases.TC002_CreateEvent">
        <test-method is-config="true" signature="startReport()[pri:0, instance:com.salesforce.testcases.TC002_CreateEvent@3cebbb30]" started-at="2022-05-20T17:58:06 IST" name="startReport" finished-at="2022-05-20T17:58:06 IST" duration-ms="252" status="PASS">
          <reporter-output>
          </reporter-output>
        </test-method> <!-- startReport -->
        <test-method is-config="true" signature="setValues()[pri:0, instance:com.salesforce.testcases.TC002_CreateEvent@3cebbb30]" started-at="2022-05-20T17:58:06 IST" name="setValues" finished-at="2022-05-20T17:58:06 IST" duration-ms="0" status="PASS">
          <reporter-output>
          </reporter-output>
        </test-method> <!-- setValues -->
        <test-method is-config="true" signature="startTestCase()[pri:0, instance:com.salesforce.testcases.TC002_CreateEvent@3cebbb30]" started-at="2022-05-20T17:58:06 IST" name="startTestCase" finished-at="2022-05-20T17:58:06 IST" duration-ms="11" status="PASS">
          <reporter-output>
          </reporter-output>
        </test-method> <!-- startTestCase -->
        <test-method is-config="true" signature="preCondition()[pri:0, instance:com.salesforce.testcases.TC002_CreateEvent@3cebbb30]" started-at="2022-05-20T17:58:07 IST" name="preCondition" finished-at="2022-05-20T17:58:27 IST" duration-ms="19715" status="PASS">
          <reporter-output>
          </reporter-output>
        </test-method> <!-- preCondition -->
        <test-method signature="runLogin(java.lang.String, java.lang.String)[pri:0, instance:com.salesforce.testcases.TC002_CreateEvent@3cebbb30]" started-at="2022-05-20T17:58:27 IST" name="runLogin" data-provider="fetchData" finished-at="2022-05-20T18:01:01 IST" duration-ms="154198" status="PASS">
          <params>
            <param index="0">
              <value>
                <![CDATA[hari.radhakrishnan@qeagle.com]]>
              </value>
            </param>
            <param index="1">
              <value>
                <![CDATA[Tuna@123]]>
              </value>
            </param>
          </params>
          <reporter-output>
          </reporter-output>
        </test-method> <!-- runLogin -->
        <test-method is-config="true" signature="endResult()[pri:0, instance:com.salesforce.testcases.TC002_CreateEvent@3cebbb30]" started-at="2022-05-20T18:01:01 IST" name="endResult" finished-at="2022-05-20T18:01:02 IST" duration-ms="1053" status="PASS">
          <reporter-output>
          </reporter-output>
        </test-method> <!-- endResult -->
      </class> <!-- com.salesforce.testcases.TC002_CreateEvent -->
    </test> <!-- Test -->
  </suite> <!-- Suite -->
</testng-results>
